  Lab4Ex4.cpp
C:\Users\lewic\source\repos\Lab4Ex4\Lab4Ex4\Lab4Ex4.cpp(7,5): error C3927: '->': trailing return type is not allowed after a non-function declarator
C:\Users\lewic\source\repos\Lab4Ex4\Lab4Ex4\Lab4Ex4.cpp(7,5): error C3484: syntax error: expected '->' before the return type
C:\Users\lewic\source\repos\Lab4Ex4\Lab4Ex4\Lab4Ex4.cpp(7,6): error C3613: missing return type after '->' ('int' assumed)
C:\Users\lewic\source\repos\Lab4Ex4\Lab4Ex4\Lab4Ex4.cpp(7,10): error C4430: missing type specifier - int assumed. Note: C++ does not support default-int
C:\Users\lewic\source\repos\Lab4Ex4\Lab4Ex4\Lab4Ex4.cpp(7,1): error C2371: 'file': redefinition; different basic types
C:\Users\lewic\source\repos\Lab4Ex4\Lab4Ex4\Lab4Ex4.cpp(6): message : see declaration of 'file'
C:\Users\lewic\source\repos\Lab4Ex4\Lab4Ex4\Lab4Ex4.cpp(7,6): error C2146: syntax error: missing ';' before identifier 'open'
C:\Users\lewic\source\repos\Lab4Ex4\Lab4Ex4\Lab4Ex4.cpp(14,1): error C2059: syntax error: 'while'
C:\Users\lewic\source\repos\Lab4Ex4\Lab4Ex4\Lab4Ex4.cpp(14,24): error C2143: syntax error: missing ';' before '{'
C:\Users\lewic\source\repos\Lab4Ex4\Lab4Ex4\Lab4Ex4.cpp(14,24): error C2447: '{': missing function header (old-style formal list?)
C:\Users\lewic\source\repos\Lab4Ex4\Lab4Ex4\Lab4Ex4.cpp(20,5): error C3927: '->': trailing return type is not allowed after a non-function declarator
C:\Users\lewic\source\repos\Lab4Ex4\Lab4Ex4\Lab4Ex4.cpp(20,5): error C3484: syntax error: expected '->' before the return type
C:\Users\lewic\source\repos\Lab4Ex4\Lab4Ex4\Lab4Ex4.cpp(20,6): error C3613: missing return type after '->' ('int' assumed)
C:\Users\lewic\source\repos\Lab4Ex4\Lab4Ex4\Lab4Ex4.cpp(20,11): error C4430: missing type specifier - int assumed. Note: C++ does not support default-int
C:\Users\lewic\source\repos\Lab4Ex4\Lab4Ex4\Lab4Ex4.cpp(20,1): error C2371: 'file': redefinition; different basic types
C:\Users\lewic\source\repos\Lab4Ex4\Lab4Ex4\Lab4Ex4.cpp(6): message : see declaration of 'file'
C:\Users\lewic\source\repos\Lab4Ex4\Lab4Ex4\Lab4Ex4.cpp(20,6): error C2146: syntax error: missing ';' before identifier 'close'
C:\Users\lewic\source\repos\Lab4Ex4\Lab4Ex4\Lab4Ex4.cpp(21,1): error C2447: '{': missing function header (old-style formal list?)
  utils.cpp
  Generating Code...
